<?xml version="1.0" encoding="UTF-8"?>
<!-- Generated by org.testng.reporters.JUnitReportReporter -->
<testsuite hostname="DESKTOP-LPSVTKP" failures="0" tests="1" name="testNg_Study.NewTest1" time="0.015" errors="0" timestamp="2022-11-26T17:51:14 IST" skipped="0">
  <testcase classname="testNg_Study.NewTest1" name="m" time="0.015"/>
  <system-out/>
</testsuite> <!-- testNg_Study.NewTest1 -->
