<?xml version="1.0" encoding="UTF-8"?>
<!-- Generated by org.testng.reporters.JUnitReportReporter -->
<testsuite hostname="DESKTOP-LPSVTKP" failures="0" tests="1" name="verification_using_TestNg.Assert_NotNull" time="0.025" errors="0" timestamp="2022-11-22T13:12:12 IST" skipped="0">
  <testcase classname="verification_using_TestNg.Assert_NotNull" name="testing6" time="0.025"/>
  <system-out/>
</testsuite> <!-- verification_using_TestNg.Assert_NotNull -->
