<?xml version="1.0" encoding="UTF-8"?>
<!-- Generated by org.testng.reporters.JUnitReportReporter -->
<testsuite hostname="DESKTOP-LPSVTKP" failures="0" tests="2" name="testng_xmlF.Testng1" time="0.019" errors="0" timestamp="2022-11-21T14:52:20 IST" skipped="0">
  <testcase classname="testng_xmlF.Testng1" name="B" time="0.016"/>
  <system-out>
    <![CDATA[Test B is run]]>
  </system-out>
  <testcase classname="testng_xmlF.Testng1" name="C" time="0.003"/>
  <system-out>
    <![CDATA[Test C is run]]>
  </system-out>
</testsuite> <!-- testng_xmlF.Testng1 -->
