<?xml version="1.0" encoding="UTF-8"?>
<!-- Generated by org.testng.reporters.JUnitReportReporter -->
<testsuite hostname="DESKTOP-LPSVTKP" failures="0" tests="1" name="crossBrowserTesting.Firefox" time="7.655" errors="0" timestamp="2022-11-22T16:22:01 IST" skipped="0">
  <testcase classname="crossBrowserTesting.Firefox" name="FirefoxTesting" time="7.655"/>
  <system-out/>
</testsuite> <!-- crossBrowserTesting.Firefox -->
