<?xml version="1.0" encoding="UTF-8"?>
<!-- Generated by org.testng.reporters.JUnitReportReporter -->
<testsuite hostname="DESKTOP-LPSVTKP" failures="0" tests="6" name="testNg_xml1.Exclude_singleClass" time="0.027" errors="0" timestamp="2022-12-16T12:26:18 IST" skipped="0">
  <testcase classname="testNg_xml1.Exclude_singleClass" name="B" time="0.002"/>
  <system-out>
    <![CDATA[test B is running]]>
  </system-out>
  <testcase classname="testNg_xml1.Exclude_singleClass" name="G" time="0.002"/>
  <system-out>
    <![CDATA[test G is running]]>
  </system-out>
  <testcase classname="testNg_xml1.Exclude_singleClass" name="E" time="0.004"/>
  <system-out>
    <![CDATA[test E is running]]>
  </system-out>
  <testcase classname="testNg_xml1.Exclude_singleClass" name="D" time="0.001"/>
  <system-out>
    <![CDATA[test D is running]]>
  </system-out>
  <testcase classname="testNg_xml1.Exclude_singleClass" name="A" time="0.015"/>
  <system-out>
    <![CDATA[test A is running]]>
  </system-out>
  <testcase classname="testNg_xml1.Exclude_singleClass" name="I" time="0.003"/>
  <system-out>
    <![CDATA[test I is running]]>
  </system-out>
</testsuite> <!-- testNg_xml1.Exclude_singleClass -->
