<?xml version="1.0" encoding="UTF-8"?>
<!-- Generated by org.testng.reporters.JUnitReportReporter -->
<testsuite hostname="DESKTOP-LPSVTKP" failures="0" tests="3" name="grouping_IN_Xml.GrupEx4" time="0.019" errors="0" timestamp="2022-12-17T10:47:23 IST" skipped="0">
  <testcase classname="grouping_IN_Xml.GrupEx4" name="O" time="0.014"/>
  <system-out/>
  <testcase classname="grouping_IN_Xml.GrupEx4" name="S" time="0.002"/>
  <system-out/>
  <testcase classname="grouping_IN_Xml.GrupEx4" name="Q" time="0.003"/>
  <system-out/>
</testsuite> <!-- grouping_IN_Xml.GrupEx4 -->
