<?xml version="1.0" encoding="UTF-8"?>
<!-- Generated by org.testng.reporters.JUnitReportReporter -->
<testsuite hostname="DESKTOP-LPSVTKP" failures="0" tests="6" name="testNg_Keyword.Priority_Keyword" time="0.027" errors="0" timestamp="2022-12-16T11:24:44 IST" skipped="0">
  <testcase classname="testNg_Keyword.Priority_Keyword" name="E" time="0.015"/>
  <system-out>
    <![CDATA[E test case is running]]>
  </system-out>
  <testcase classname="testNg_Keyword.Priority_Keyword" name="f" time="0.002"/>
  <system-out>
    <![CDATA[F test case is running]]>
  </system-out>
  <testcase classname="testNg_Keyword.Priority_Keyword" name="D" time="0.002"/>
  <system-out>
    <![CDATA[D test case is running]]>
  </system-out>
  <testcase classname="testNg_Keyword.Priority_Keyword" name="C" time="0.003"/>
  <system-out>
    <![CDATA[C test case is running]]>
  </system-out>
  <testcase classname="testNg_Keyword.Priority_Keyword" name="B" time="0.002"/>
  <system-out>
    <![CDATA[B test case is running]]>
  </system-out>
  <testcase classname="testNg_Keyword.Priority_Keyword" name="A" time="0.003"/>
  <system-out>
    <![CDATA[A test case is running]]>
  </system-out>
</testsuite> <!-- testNg_Keyword.Priority_Keyword -->
