<?xml version="1.0" encoding="UTF-8"?>
<!-- Generated by org.testng.reporters.JUnitReportReporter -->
<testsuite hostname="DESKTOP-LPSVTKP" failures="0" tests="1" name="failed_Xml.Failed_xml_ex2" time="0.026" errors="0" timestamp="2022-11-22T09:43:58 IST" skipped="0">
  <testcase classname="failed_Xml.Failed_xml_ex2" name="B" time="0.026"/>
  <system-out>
    <![CDATA[test case is fail]]>
  </system-out>
</testsuite> <!-- failed_Xml.Failed_xml_ex2 -->
