<?xml version="1.0" encoding="UTF-8"?>
<!-- Generated by org.testng.reporters.JUnitReportReporter -->
<testsuite hostname="DESKTOP-LPSVTKP" failures="0" tests="2" name="neostock_pom.Test_neostock" time="50.603" errors="0" timestamp="2022-12-05T11:35:30 IST" skipped="0">
  <testcase classname="neostock_pom.Test_neostock" name="validateBalance" time="23.754"/>
  <system-out/>
  <testcase classname="neostock_pom.Test_neostock" name="validateUID" time="26.849"/>
  <system-out/>
</testsuite> <!-- neostock_pom.Test_neostock -->
