<?xml version="1.0" encoding="UTF-8"?>
<!-- Generated by org.testng.reporters.JUnitReportReporter -->
<testsuite hostname="DESKTOP-LPSVTKP" failures="0" tests="10" name="testNg_xml1.Include_single_class" time="0.057" errors="0" timestamp="2022-12-16T12:22:01 IST" skipped="0">
  <testcase classname="testNg_xml1.Include_single_class" name="G" time="0.009"/>
  <system-out>
    <![CDATA[test G is running]]>
  </system-out>
  <testcase classname="testNg_xml1.Include_single_class" name="H" time="0.004"/>
  <system-out>
    <![CDATA[test H is running]]>
  </system-out>
  <testcase classname="testNg_xml1.Include_single_class" name="f" time="0.002"/>
  <system-out>
    <![CDATA[test F is running]]>
  </system-out>
  <testcase classname="testNg_xml1.Include_single_class" name="J" time="0.004"/>
  <system-out>
    <![CDATA[test J is running]]>
  </system-out>
  <testcase classname="testNg_xml1.Include_single_class" name="I" time="0.002"/>
  <system-out>
    <![CDATA[test I is running]]>
  </system-out>
  <testcase classname="testNg_xml1.Include_single_class" name="C" time="0.010"/>
  <system-out>
    <![CDATA[test C is running]]>
  </system-out>
  <testcase classname="testNg_xml1.Include_single_class" name="E" time="0.003"/>
  <system-out>
    <![CDATA[test E is running]]>
  </system-out>
  <testcase classname="testNg_xml1.Include_single_class" name="A" time="0.015"/>
  <system-out>
    <![CDATA[test A is running]]>
  </system-out>
  <testcase classname="testNg_xml1.Include_single_class" name="B" time="0.002"/>
  <system-out>
    <![CDATA[test B is running]]>
  </system-out>
  <testcase classname="testNg_xml1.Include_single_class" name="D" time="0.006"/>
  <system-out>
    <![CDATA[test D is running]]>
  </system-out>
</testsuite> <!-- testNg_xml1.Include_single_class -->
