<?xml version="1.0" encoding="UTF-8"?>
<!-- Generated by org.testng.reporters.JUnitReportReporter -->
<testsuite hostname="DESKTOP-LPSVTKP" failures="0" tests="2" name="testng_xmlF.Grupingex2" time="0.006" errors="0" timestamp="2022-11-22T09:30:29 IST" skipped="0">
  <testcase classname="testng_xmlF.Grupingex2" name="f" time="0.003"/>
  <system-out>
    <![CDATA[test case f is pass]]>
  </system-out>
  <testcase classname="testng_xmlF.Grupingex2" name="E" time="0.003"/>
  <system-out>
    <![CDATA[test case E pass]]>
  </system-out>
</testsuite> <!-- testng_xmlF.Grupingex2 -->
