<?xml version="1.0" encoding="UTF-8"?>
<!-- Generated by org.testng.reporters.JUnitReportReporter -->
<testsuite hostname="DESKTOP-LPSVTKP" failures="0" tests="1" name="softAsserts_1.Soft_AssertTrue" time="0.021" errors="0" timestamp="2022-11-22T14:29:49 IST" skipped="0">
  <testcase classname="softAsserts_1.Soft_AssertTrue" name="testing3" time="0.021"/>
  <system-out/>
</testsuite> <!-- softAsserts_1.Soft_AssertTrue -->
