<?xml version="1.0" encoding="UTF-8"?>
<!-- Generated by org.testng.reporters.JUnitReportReporter -->
<testsuite hostname="DESKTOP-LPSVTKP" failures="0" tests="3" name="grouping_IN_Xml.grup3Ex3" time="0.012" errors="0" timestamp="2022-12-17T10:47:23 IST" skipped="0">
  <testcase classname="grouping_IN_Xml.grup3Ex3" name="L" time="0.005"/>
  <system-out>
    <![CDATA[test L is running]]>
  </system-out>
  <testcase classname="grouping_IN_Xml.grup3Ex3" name="J" time="0.006"/>
  <system-out>
    <![CDATA[test j is running]]>
  </system-out>
  <testcase classname="grouping_IN_Xml.grup3Ex3" name="M" time="0.001"/>
  <system-out>
    <![CDATA[test M is running]]>
  </system-out>
</testsuite> <!-- grouping_IN_Xml.grup3Ex3 -->
