<?xml version="1.0" encoding="UTF-8"?>
<!-- Generated by org.testng.reporters.JUnitReportReporter -->
<testsuite hostname="DESKTOP-LPSVTKP" failures="0" tests="5" name="testNg_Keyword.Enable_Keyword" time="0.023" errors="0" timestamp="2022-12-16T11:29:11 IST" skipped="1">
  <testcase classname="testNg_Keyword.Enable_Keyword" name="E" time="0.003"/>
  <system-out>
    <![CDATA[E test case is run]]>
  </system-out>
  <testcase classname="testNg_Keyword.Enable_Keyword" name="C" time="0.003"/>
  <system-out>
    <![CDATA[C test case is run]]>
  </system-out>
  <testcase classname="testNg_Keyword.Enable_Keyword" name="D" time="0.002"/>
  <system-out>
    <![CDATA[D test case is run]]>
  </system-out>
  <testcase classname="testNg_Keyword.Enable_Keyword" name="B" time="0.015"/>
  <system-out>
    <![CDATA[B test case is run]]>
  </system-out>
  <testcase classname="testNg_Keyword.Enable_Keyword" name="A">
    <skipped/>
  </testcase> <!-- A -->
  <system-out/>
</testsuite> <!-- testNg_Keyword.Enable_Keyword -->
