<?xml version="1.0" encoding="UTF-8"?>
<!-- Generated by org.testng.reporters.JUnitReportReporter -->
<testsuite hostname="DESKTOP-LPSVTKP" failures="0" tests="3" name="sirially_parallalyExcution.SiriallyExcutionEx3" time="25.132" errors="0" timestamp="2022-12-17T11:27:56 IST" skipped="0">
  <testcase classname="sirially_parallalyExcution.SiriallyExcutionEx3" name="Login1" time="10.541"/>
  <system-out>
    <![CDATA[lonching the browser one]]>
  </system-out>
  <testcase classname="sirially_parallalyExcution.SiriallyExcutionEx3" name="Login2" time="6.924"/>
  <system-out>
    <![CDATA[lonching the browser two]]>
  </system-out>
  <testcase classname="sirially_parallalyExcution.SiriallyExcutionEx3" name="Login3" time="7.667"/>
  <system-out>
    <![CDATA[lonching the browser Three]]>
  </system-out>
</testsuite> <!-- sirially_parallalyExcution.SiriallyExcutionEx3 -->
