<?xml version="1.0" encoding="UTF-8"?>
<!-- Generated by org.testng.reporters.JUnitReportReporter -->
<testsuite hostname="DESKTOP-LPSVTKP" failures="0" tests="1" name="sirially_parallalyExcution.Mytest2" time="9.539" errors="0" timestamp="2022-11-21T16:11:06 IST" skipped="0">
  <testcase classname="sirially_parallalyExcution.Mytest2" name="f" time="9.539"/>
  <system-out/>
</testsuite> <!-- sirially_parallalyExcution.Mytest2 -->
