<?xml version="1.0" encoding="UTF-8"?>
<!-- Generated by org.testng.reporters.JUnitReportReporter -->
<testsuite hostname="DESKTOP-LPSVTKP" failures="0" tests="1" name="softAsserts_1.Soft_assertFalse" time="0.025" errors="0" timestamp="2022-11-22T14:34:49 IST" skipped="0">
  <testcase classname="softAsserts_1.Soft_assertFalse" name="Testing4" time="0.025"/>
  <system-out/>
</testsuite> <!-- softAsserts_1.Soft_assertFalse -->
