<?xml version="1.0" encoding="UTF-8"?>
<!-- Generated by org.testng.reporters.JUnitReportReporter -->
<testsuite hostname="DESKTOP-LPSVTKP" failures="0" tests="4" name="testNg_xml1.Multiclass4_include" time="0.028" errors="0" timestamp="2022-12-16T12:57:48 IST" skipped="0">
  <testcase classname="testNg_xml1.Multiclass4_include" name="A" time="0.016"/>
  <system-out>
    <![CDATA[A is running]]>
  </system-out>
  <testcase classname="testNg_xml1.Multiclass4_include" name="B" time="0.003"/>
  <system-out>
    <![CDATA[B is running]]>
  </system-out>
  <testcase classname="testNg_xml1.Multiclass4_include" name="D" time="0.005"/>
  <system-out>
    <![CDATA[D is running]]>
  </system-out>
  <testcase classname="testNg_xml1.Multiclass4_include" name="C" time="0.004"/>
  <system-out>
    <![CDATA[C is running]]>
  </system-out>
</testsuite> <!-- testNg_xml1.Multiclass4_include -->
