<?xml version="1.0" encoding="UTF-8"?>
<!-- Generated by org.testng.reporters.JUnitReportReporter -->
<testsuite hostname="DESKTOP-LPSVTKP" failures="0" tests="2" name="grouping_IN_Xml.GrupEx1" time="0.008" errors="0" timestamp="2022-12-17T10:47:23 IST" skipped="0">
  <testcase classname="grouping_IN_Xml.GrupEx1" name="C" time="0.005"/>
  <system-out>
    <![CDATA[test C is running]]>
  </system-out>
  <testcase classname="grouping_IN_Xml.GrupEx1" name="A" time="0.003"/>
  <system-out>
    <![CDATA[test A is running]]>
  </system-out>
</testsuite> <!-- grouping_IN_Xml.GrupEx1 -->
