<?xml version="1.0" encoding="UTF-8"?>
<!-- Generated by org.testng.reporters.JUnitReportReporter -->
<testsuite hostname="DESKTOP-LPSVTKP" failures="0" tests="2" name="Neotestclasses.validateUserid" time="40.961" errors="0" timestamp="2022-12-23T19:23:41 IST" skipped="0">
  <testcase classname="Neotestclasses.validateUserid" name="validateUID" time="22.668"/>
  <system-out>
    <![CDATA[getting Acual userId Apeksha Londhe
readdata from excel
getting Acual userId Apeksha Londhe
Waiting for500ms
Testcase is pass
Waiting for3000ms]]>
  </system-out>
  <testcase classname="Neotestclasses.validateUserid" name="validateACbalance" time="18.293"/>
  <system-out>
    <![CDATA[getting Acual ACbalnce
readdata from excel
validate Ac balce test case is pass]]>
  </system-out>
</testsuite> <!-- Neotestclasses.validateUserid -->
