<?xml version="1.0" encoding="UTF-8"?>
<!-- Generated by org.testng.reporters.JUnitReportReporter -->
<testsuite hostname="DESKTOP-LPSVTKP" failures="0" tests="4" name="sirially_parallalyExcution.SiriallyExcutionEx4" time="39.926" errors="0" timestamp="2022-12-17T11:27:56 IST" skipped="0">
  <testcase classname="sirially_parallalyExcution.SiriallyExcutionEx4" name="Login6" time="9.686"/>
  <system-out>
    <![CDATA[lonching the browser six]]>
  </system-out>
  <testcase classname="sirially_parallalyExcution.SiriallyExcutionEx4" name="Login7" time="10.131"/>
  <system-out>
    <![CDATA[lonching the browser Sevan]]>
  </system-out>
  <testcase classname="sirially_parallalyExcution.SiriallyExcutionEx4" name="Login4" time="9.140"/>
  <system-out>
    <![CDATA[lonching the browser four]]>
  </system-out>
  <testcase classname="sirially_parallalyExcution.SiriallyExcutionEx4" name="Login5" time="10.969"/>
  <system-out>
    <![CDATA[lonching the browser five]]>
  </system-out>
</testsuite> <!-- sirially_parallalyExcution.SiriallyExcutionEx4 -->
