<?xml version="1.0" encoding="UTF-8"?>
<!-- Generated by org.testng.reporters.JUnitReportReporter -->
<testsuite hostname="DESKTOP-LPSVTKP" failures="0" tests="2" name="testNg_Study.TestngAnnotion" time="0.086" errors="0" timestamp="2022-11-26T18:04:08 IST" skipped="0">
  <testcase classname="testNg_Study.TestngAnnotion" name="D" time="0.025"/>
  <system-out>
    <![CDATA[D test method is running]]>
  </system-out>
  <testcase classname="testNg_Study.TestngAnnotion" name="B" time="0.061"/>
  <system-out>
    <![CDATA[B test method is running]]>
  </system-out>
</testsuite> <!-- testNg_Study.TestngAnnotion -->
