<?xml version="1.0" encoding="UTF-8"?>
<!-- Generated by org.testng.reporters.JUnitReportReporter -->
<testsuite hostname="DESKTOP-LPSVTKP" failures="0" tests="4" name="grouping_IN_Xml.GrupEx2" time="0.012" errors="0" timestamp="2022-12-17T10:47:23 IST" skipped="0">
  <testcase classname="grouping_IN_Xml.GrupEx2" name="E" time="0.003"/>
  <system-out>
    <![CDATA[Test E is running]]>
  </system-out>
  <testcase classname="grouping_IN_Xml.GrupEx2" name="H" time="0.003"/>
  <system-out>
    <![CDATA[Test H is running]]>
  </system-out>
  <testcase classname="grouping_IN_Xml.GrupEx2" name="I" time="0.003"/>
  <system-out>
    <![CDATA[Test I is running]]>
  </system-out>
  <testcase classname="grouping_IN_Xml.GrupEx2" name="G" time="0.003"/>
  <system-out>
    <![CDATA[Test G is running]]>
  </system-out>
</testsuite> <!-- grouping_IN_Xml.GrupEx2 -->
