<?xml version="1.0" encoding="UTF-8"?>
<!-- Generated by org.testng.reporters.JUnitReportReporter -->
<testsuite hostname="DESKTOP-LPSVTKP" failures="0" tests="1" name="verification_using_TestNg.Asserts_true" time="0.019" errors="0" timestamp="2022-11-22T11:48:23 IST" skipped="0">
  <testcase classname="verification_using_TestNg.Asserts_true" name="Testing3" time="0.019"/>
  <system-out/>
</testsuite> <!-- verification_using_TestNg.Asserts_true -->
