<?xml version="1.0" encoding="UTF-8"?>
<!-- Generated by org.testng.reporters.JUnitReportReporter -->
<testsuite hostname="DESKTOP-LPSVTKP" failures="0" tests="1" name="sirially_parallalyExcution.Sirially_parrally_ex1" time="10.806" errors="0" timestamp="2022-11-24T12:50:32 IST" skipped="0">
  <testcase classname="sirially_parallalyExcution.Sirially_parrally_ex1" name="f" time="10.806"/>
  <system-out/>
</testsuite> <!-- sirially_parallalyExcution.Sirially_parrally_ex1 -->
