<?xml version="1.0" encoding="UTF-8"?>
<!-- Generated by org.testng.reporters.JUnitReportReporter -->
<testsuite hostname="DESKTOP-LPSVTKP" failures="1" tests="5" name="testNg_Keyword.TimeOut_keyword" time="0.038" errors="0" timestamp="2022-12-16T11:40:42 IST" skipped="0">
  <testcase classname="testNg_Keyword.TimeOut_keyword" name="b" time="0.003"/>
  <system-out>
    <![CDATA[B test case is run]]>
  </system-out>
  <testcase classname="testNg_Keyword.TimeOut_keyword" name="d" time="0.002"/>
  <system-out>
    <![CDATA[D test case is run]]>
  </system-out>
  <testcase classname="testNg_Keyword.TimeOut_keyword" name="e" time="0.002"/>
  <system-out>
    <![CDATA[E test case is run]]>
  </system-out>
  <testcase classname="testNg_Keyword.TimeOut_keyword" name="a" time="0.029">
    <failure message="null" type="java.lang.AssertionError">
      <![CDATA[java.lang.AssertionError: null
at org.testng.Assert.fail(Assert.java:99)
at org.testng.Assert.fail(Assert.java:106)
at testNg_Keyword.TimeOut_keyword.a(TimeOut_keyword.java:18)
at java.base/jdk.internal.reflect.NativeMethodAccessorImpl.invoke0(Native Method)
at java.base/jdk.internal.reflect.NativeMethodAccessorImpl.invoke(NativeMethodAccessorImpl.java:62)
at java.base/jdk.internal.reflect.DelegatingMethodAccessorImpl.invoke(DelegatingMethodAccessorImpl.java:43)
at java.base/java.lang.reflect.Method.invoke(Method.java:566)
at org.testng.internal.MethodInvocationHelper.invokeMethod(MethodInvocationHelper.java:133)
at org.testng.internal.InvokeMethodRunnable.runOne(InvokeMethodRunnable.java:45)
at org.testng.internal.InvokeMethodRunnable.call(InvokeMethodRunnable.java:73)
at org.testng.internal.InvokeMethodRunnable.call(InvokeMethodRunnable.java:11)
at java.base/java.util.concurrent.FutureTask.run(FutureTask.java:264)
at java.base/java.util.concurrent.ThreadPoolExecutor.runWorker(ThreadPoolExecutor.java:1128)
at java.base/java.util.concurrent.ThreadPoolExecutor$Worker.run(ThreadPoolExecutor.java:628)
at java.base/java.lang.Thread.run(Thread.java:834)
]]>
    </failure>
  </testcase> <!-- a -->
  <system-out/>
  <testcase classname="testNg_Keyword.TimeOut_keyword" name="c" time="0.002"/>
  <system-out>
    <![CDATA[C test case is run]]>
  </system-out>
</testsuite> <!-- testNg_Keyword.TimeOut_keyword -->
