<?xml version="1.0" encoding="UTF-8"?>
<!-- Generated by org.testng.reporters.JUnitReportReporter -->
<testsuite hostname="DESKTOP-LPSVTKP" failures="0" tests="1" name="testng_xmlF.testng2" time="0.002" errors="0" timestamp="2022-11-21T14:52:20 IST" skipped="0">
  <testcase classname="testng_xmlF.testng2" name="G" time="0.002"/>
  <system-out>
    <![CDATA[Test G is run]]>
  </system-out>
</testsuite> <!-- testng_xmlF.testng2 -->
