<?xml version="1.0" encoding="UTF-8"?>
<!-- Generated by org.testng.reporters.JUnitReportReporter -->
<testsuite hostname="DESKTOP-LPSVTKP" failures="0" tests="4" name="sirially_parallalyExcution.SiriallyExcutionEX5" time="0.019" errors="0" timestamp="2022-12-17T11:27:56 IST" skipped="0">
  <testcase classname="sirially_parallalyExcution.SiriallyExcutionEX5" name="C" time="0.003"/>
  <system-out>
    <![CDATA[C test case is RUN]]>
  </system-out>
  <testcase classname="sirially_parallalyExcution.SiriallyExcutionEX5" name="A" time="0.003"/>
  <system-out>
    <![CDATA[A test case is RUN]]>
  </system-out>
  <testcase classname="sirially_parallalyExcution.SiriallyExcutionEX5" name="D" time="0.002"/>
  <system-out>
    <![CDATA[D test case is RUN]]>
  </system-out>
  <testcase classname="sirially_parallalyExcution.SiriallyExcutionEX5" name="B" time="0.011"/>
  <system-out>
    <![CDATA[B test case is RUN]]>
  </system-out>
</testsuite> <!-- sirially_parallalyExcution.SiriallyExcutionEX5 -->
