<?xml version="1.0" encoding="UTF-8"?>
<!-- Generated by org.testng.reporters.JUnitReportReporter -->
<testsuite hostname="DESKTOP-LPSVTKP" failures="0" tests="2" name="testngStudy.Anotation" time="0.026" errors="0" timestamp="2022-12-16T10:43:59 IST" skipped="0">
  <testcase classname="testngStudy.Anotation" name="G" time="0.022"/>
  <system-out>
    <![CDATA[@test G anotation RUN]]>
  </system-out>
  <testcase classname="testngStudy.Anotation" name="f" time="0.004"/>
  <system-out>
    <![CDATA[@test anotation RUN]]>
  </system-out>
</testsuite> <!-- testngStudy.Anotation -->
