<?xml version="1.0" encoding="UTF-8"?>
<!-- Generated by org.testng.reporters.JUnitReportReporter -->
<testsuite hostname="DESKTOP-LPSVTKP" failures="0" tests="6" name="testNg_xml1.Multiclass2_include" time="0.013" errors="0" timestamp="2022-12-16T12:57:48 IST" skipped="0">
  <testcase classname="testNg_xml1.Multiclass2_include" name="P" time="0.002"/>
  <system-out>
    <![CDATA[P is running]]>
  </system-out>
  <testcase classname="testNg_xml1.Multiclass2_include" name="R" time="0.002"/>
  <system-out>
    <![CDATA[R is running]]>
  </system-out>
  <testcase classname="testNg_xml1.Multiclass2_include" name="L" time="0.002"/>
  <system-out>
    <![CDATA[L is running]]>
  </system-out>
  <testcase classname="testNg_xml1.Multiclass2_include" name="O" time="0.002"/>
  <system-out>
    <![CDATA[O is running]]>
  </system-out>
  <testcase classname="testNg_xml1.Multiclass2_include" name="N" time="0.002"/>
  <system-out>
    <![CDATA[N is running]]>
  </system-out>
  <testcase classname="testNg_xml1.Multiclass2_include" name="M" time="0.003"/>
  <system-out>
    <![CDATA[M is running]]>
  </system-out>
</testsuite> <!-- testNg_xml1.Multiclass2_include -->
