<?xml version="1.0" encoding="UTF-8"?>
<!-- Generated by org.testng.reporters.JUnitReportReporter -->
<testsuite hostname="DESKTOP-LPSVTKP" failures="0" tests="1" name="softAsserts_1.Soft_AssertEquals" time="0.022" errors="0" timestamp="2022-11-22T14:25:11 IST" skipped="0">
  <testcase classname="softAsserts_1.Soft_AssertEquals" name="testing1" time="0.022"/>
  <system-out/>
</testsuite> <!-- softAsserts_1.Soft_AssertEquals -->
