<?xml version="1.0" encoding="UTF-8"?>
<!-- Generated by org.testng.reporters.JUnitReportReporter -->
<testsuite hostname="DESKTOP-LPSVTKP" failures="0" tests="1" name="softAsserts_1.Soft_AssertNotnull" time="0.020" errors="0" timestamp="2022-11-22T14:44:56 IST" skipped="0">
  <testcase classname="softAsserts_1.Soft_AssertNotnull" name="Testing6" time="0.020"/>
  <system-out/>
</testsuite> <!-- softAsserts_1.Soft_AssertNotnull -->
