<?xml version="1.0" encoding="UTF-8"?>
<!-- Generated by org.testng.reporters.JUnitReportReporter -->
<testsuite hostname="DESKTOP-LPSVTKP" failures="0" tests="1" name="softAsserts_1.Soft_AssertNull" time="0.029" errors="0" timestamp="2022-11-22T14:40:25 IST" skipped="0">
  <testcase classname="softAsserts_1.Soft_AssertNull" name="Testing5" time="0.029"/>
  <system-out/>
</testsuite> <!-- softAsserts_1.Soft_AssertNull -->
