<?xml version="1.0" encoding="UTF-8"?>
<!-- Generated by org.testng.reporters.JUnitReportReporter -->
<testsuite hostname="DESKTOP-LPSVTKP" failures="0" tests="4" name="sirially_parallalyExcution.ParrallyExcutionEX3" time="0.031" errors="0" timestamp="2022-12-17T11:45:44 IST" skipped="0">
  <testcase classname="sirially_parallalyExcution.ParrallyExcutionEX3" name="D" time="0.003"/>
  <system-out>
    <![CDATA[D test case is RUN]]>
  </system-out>
  <testcase classname="sirially_parallalyExcution.ParrallyExcutionEX3" name="B" time="0.002"/>
  <system-out>
    <![CDATA[B test case is RUN]]>
  </system-out>
  <testcase classname="sirially_parallalyExcution.ParrallyExcutionEX3" name="A" time="0.019"/>
  <system-out>
    <![CDATA[A test case is RUN]]>
  </system-out>
  <testcase classname="sirially_parallalyExcution.ParrallyExcutionEX3" name="C" time="0.007"/>
  <system-out>
    <![CDATA[C test case is RUN]]>
  </system-out>
</testsuite> <!-- sirially_parallalyExcution.ParrallyExcutionEX3 -->
