<?xml version="1.0" encoding="UTF-8"?>
<!-- Generated by org.testng.reporters.JUnitReportReporter -->
<testsuite hostname="DESKTOP-LPSVTKP" failures="0" tests="3" name="sirially_parallalyExcution.ParrallyExcutionEX1" time="33.666" errors="0" timestamp="2022-12-17T11:45:44 IST" skipped="0">
  <testcase classname="sirially_parallalyExcution.ParrallyExcutionEX1" name="Login2" time="8.275"/>
  <system-out>
    <![CDATA[lonching the browser two]]>
  </system-out>
  <testcase classname="sirially_parallalyExcution.ParrallyExcutionEX1" name="Login1" time="11.376"/>
  <system-out>
    <![CDATA[lonching the browser one]]>
  </system-out>
  <testcase classname="sirially_parallalyExcution.ParrallyExcutionEX1" name="Login3" time="14.015"/>
  <system-out>
    <![CDATA[lonching the browser Three]]>
  </system-out>
</testsuite> <!-- sirially_parallalyExcution.ParrallyExcutionEX1 -->
