<?xml version="1.0" encoding="UTF-8"?>
<!-- Generated by org.testng.reporters.JUnitReportReporter -->
<testsuite hostname="DESKTOP-LPSVTKP" failures="0" tests="2" name="testNg_Study.NewTestClass" time="21.926" errors="0" timestamp="2022-11-17T11:42:25 IST" skipped="0">
  <testcase classname="testNg_Study.NewTestClass" name="velocitypage" time="14.682"/>
  <system-out/>
  <testcase classname="testNg_Study.NewTestClass" name="facebooklogin" time="7.244"/>
  <system-out/>
</testsuite> <!-- testNg_Study.NewTestClass -->
