<?xml version="1.0" encoding="UTF-8"?>
<!-- Generated by org.testng.reporters.JUnitReportReporter -->
<testsuite hostname="DESKTOP-LPSVTKP" failures="0" tests="1" name="verification_using_TestNg.AssertsEquals_ex1" time="0.020" errors="0" timestamp="2022-11-22T11:30:45 IST" skipped="0">
  <testcase classname="verification_using_TestNg.AssertsEquals_ex1" name="testing" time="0.020"/>
  <system-out/>
</testsuite> <!-- verification_using_TestNg.AssertsEquals_ex1 -->
