<?xml version="1.0" encoding="UTF-8"?>
<!-- Generated by org.testng.reporters.JUnitReportReporter -->
<testsuite hostname="DESKTOP-LPSVTKP" failures="0" tests="1" name="verification_using_TestNg.Assert_false" time="0.022" errors="0" timestamp="2022-11-22T11:53:16 IST" skipped="0">
  <testcase classname="verification_using_TestNg.Assert_false" name="Testing4" time="0.022"/>
  <system-out/>
</testsuite> <!-- verification_using_TestNg.Assert_false -->
