<?xml version="1.0" encoding="UTF-8"?>
<!-- Generated by org.testng.reporters.JUnitReportReporter -->
<testsuite hostname="DESKTOP-LPSVTKP" failures="0" tests="3" name="testNg_xml1.Multiclass1_include" time="0.013" errors="0" timestamp="2022-12-16T12:57:48 IST" skipped="0">
  <testcase classname="testNg_xml1.Multiclass1_include" name="G" time="0.002"/>
  <system-out>
    <![CDATA[G is running]]>
  </system-out>
  <testcase classname="testNg_xml1.Multiclass1_include" name="E" time="0.004"/>
  <system-out>
    <![CDATA[E is running]]>
  </system-out>
  <testcase classname="testNg_xml1.Multiclass1_include" name="F" time="0.007"/>
  <system-out>
    <![CDATA[F is running]]>
  </system-out>
</testsuite> <!-- testNg_xml1.Multiclass1_include -->
