<?xml version="1.0" encoding="UTF-8"?>
<!-- Generated by org.testng.reporters.JUnitReportReporter -->
<testsuite hostname="DESKTOP-LPSVTKP" failures="0" tests="10" name="testNg_xml1.Multiclass3" time="0.035" errors="0" timestamp="2022-12-16T12:40:02 IST" skipped="0">
  <testcase classname="testNg_xml1.Multiclass3" name="F" time="0.002"/>
  <system-out>
    <![CDATA[F is running]]>
  </system-out>
  <testcase classname="testNg_xml1.Multiclass3" name="G" time="0.002"/>
  <system-out>
    <![CDATA[G is running]]>
  </system-out>
  <testcase classname="testNg_xml1.Multiclass3" name="O" time="0.003"/>
  <system-out>
    <![CDATA[o is running]]>
  </system-out>
  <testcase classname="testNg_xml1.Multiclass3" name="J" time="0.001"/>
  <system-out>
    <![CDATA[J is running]]>
  </system-out>
  <testcase classname="testNg_xml1.Multiclass3" name="I" time="0.001"/>
  <system-out>
    <![CDATA[I is running]]>
  </system-out>
  <testcase classname="testNg_xml1.Multiclass3" name="C" time="0.002"/>
  <system-out>
    <![CDATA[C is running]]>
  </system-out>
  <testcase classname="testNg_xml1.Multiclass3" name="E" time="0.002"/>
  <system-out>
    <![CDATA[E is running]]>
  </system-out>
  <testcase classname="testNg_xml1.Multiclass3" name="A" time="0.015"/>
  <system-out>
    <![CDATA[A is running]]>
  </system-out>
  <testcase classname="testNg_xml1.Multiclass3" name="B" time="0.002"/>
  <system-out>
    <![CDATA[B is running]]>
  </system-out>
  <testcase classname="testNg_xml1.Multiclass3" name="D" time="0.005"/>
  <system-out>
    <![CDATA[D is running]]>
  </system-out>
</testsuite> <!-- testNg_xml1.Multiclass3 -->
