<?xml version="1.0" encoding="UTF-8"?>
<!-- Generated by org.testng.reporters.JUnitReportReporter -->
<testsuite hostname="DESKTOP-LPSVTKP" failures="0" tests="2" name="crossBrowserTesting.CrossBrosertesting_ex1" time="21.066" errors="0" timestamp="2022-11-24T12:51:54 IST" skipped="0">
  <testcase classname="crossBrowserTesting.CrossBrosertesting_ex1" name="CB_Testing" time="12.818"/>
  <system-out/>
  <testcase classname="crossBrowserTesting.CrossBrosertesting_ex1" name="CB_Testing" time="8.248"/>
  <system-out/>
</testsuite> <!-- crossBrowserTesting.CrossBrosertesting_ex1 -->
