<?xml version="1.0" encoding="UTF-8"?>
<!-- Generated by org.testng.reporters.JUnitReportReporter -->
<testsuite hostname="DESKTOP-LPSVTKP" failures="0" tests="10" name="testNg_Keyword.invocation_Count" time="0.056" errors="0" timestamp="2022-12-16T10:56:48 IST" skipped="0">
  <testcase classname="testNg_Keyword.invocation_Count" name="B" time="0.007"/>
  <system-out>
    <![CDATA[B test is running]]>
  </system-out>
  <testcase classname="testNg_Keyword.invocation_Count" name="B" time="0.004"/>
  <system-out>
    <![CDATA[B test is running]]>
  </system-out>
  <testcase classname="testNg_Keyword.invocation_Count" name="B" time="0.003"/>
  <system-out>
    <![CDATA[B test is running]]>
  </system-out>
  <testcase classname="testNg_Keyword.invocation_Count" name="C" time="0.004"/>
  <system-out>
    <![CDATA[C test is running]]>
  </system-out>
  <testcase classname="testNg_Keyword.invocation_Count" name="C" time="0.003"/>
  <system-out>
    <![CDATA[C test is running]]>
  </system-out>
  <testcase classname="testNg_Keyword.invocation_Count" name="A" time="0.019"/>
  <system-out>
    <![CDATA[A test is running]]>
  </system-out>
  <testcase classname="testNg_Keyword.invocation_Count" name="B" time="0.004"/>
  <system-out>
    <![CDATA[B test is running]]>
  </system-out>
  <testcase classname="testNg_Keyword.invocation_Count" name="D" time="0.004"/>
  <system-out>
    <![CDATA[D test is running]]>
  </system-out>
  <testcase classname="testNg_Keyword.invocation_Count" name="B" time="0.005"/>
  <system-out>
    <![CDATA[B test is running]]>
  </system-out>
  <testcase classname="testNg_Keyword.invocation_Count" name="C" time="0.003"/>
  <system-out>
    <![CDATA[C test is running]]>
  </system-out>
</testsuite> <!-- testNg_Keyword.invocation_Count -->
