<?xml version="1.0" encoding="UTF-8"?>
<!-- Generated by org.testng.reporters.JUnitReportReporter -->
<testsuite hostname="DESKTOP-LPSVTKP" failures="0" tests="1" name="testng_xmlF.Grupingex1" time="0.020" errors="0" timestamp="2022-11-22T09:30:29 IST" skipped="0">
  <testcase classname="testng_xmlF.Grupingex1" name="D" time="0.020"/>
  <system-out>
    <![CDATA[test case D is pass]]>
  </system-out>
</testsuite> <!-- testng_xmlF.Grupingex1 -->
