<?xml version="1.0" encoding="UTF-8"?>
<!-- Generated by org.testng.reporters.JUnitReportReporter -->
<testsuite hostname="DESKTOP-LPSVTKP" failures="1" tests="6" name="testNg_Keyword.DependsOnMethod" time="0.033" errors="0" timestamp="2022-12-16T11:58:51 IST" skipped="1">
  <testcase classname="testNg_Keyword.DependsOnMethod" name="E" time="0.004"/>
  <system-out>
    <![CDATA[Test case E Running]]>
  </system-out>
  <testcase classname="testNg_Keyword.DependsOnMethod" name="f" time="0.000">
    <skipped/>
  </testcase> <!-- f -->
  <system-out/>
  <testcase classname="testNg_Keyword.DependsOnMethod" name="D" time="0.003"/>
  <system-out>
    <![CDATA[Test case D Running]]>
  </system-out>
  <testcase classname="testNg_Keyword.DependsOnMethod" name="B" time="0.007"/>
  <system-out>
    <![CDATA[Test case B Running]]>
  </system-out>
  <testcase classname="testNg_Keyword.DependsOnMethod" name="C" time="0.002"/>
  <system-out>
    <![CDATA[Test case C Running]]>
  </system-out>
  <testcase classname="testNg_Keyword.DependsOnMethod" name="A" time="0.017">
    <failure message="null" type="java.lang.AssertionError">
      <![CDATA[java.lang.AssertionError: null
at org.testng.Assert.fail(Assert.java:99)
at org.testng.Assert.fail(Assert.java:106)
at testNg_Keyword.DependsOnMethod.A(DependsOnMethod.java:11)
at java.base/jdk.internal.reflect.NativeMethodAccessorImpl.invoke0(Native Method)
at java.base/jdk.internal.reflect.NativeMethodAccessorImpl.invoke(NativeMethodAccessorImpl.java:62)
at java.base/jdk.internal.reflect.DelegatingMethodAccessorImpl.invoke(DelegatingMethodAccessorImpl.java:43)
at java.base/java.lang.reflect.Method.invoke(Method.java:566)
at org.testng.internal.MethodInvocationHelper.invokeMethod(MethodInvocationHelper.java:133)
at org.testng.internal.TestInvoker.invokeMethod(TestInvoker.java:598)
at org.testng.internal.TestInvoker.invokeTestMethod(TestInvoker.java:173)
at org.testng.internal.MethodRunner.runInSequence(MethodRunner.java:46)
at org.testng.internal.TestInvoker$MethodInvocationAgent.invoke(TestInvoker.java:824)
at org.testng.internal.TestInvoker.invokeTestMethods(TestInvoker.java:146)
at org.testng.internal.TestMethodWorker.invokeTestMethods(TestMethodWorker.java:146)
at org.testng.internal.TestMethodWorker.run(TestMethodWorker.java:128)
at java.base/java.util.ArrayList.forEach(ArrayList.java:1541)
at org.testng.TestRunner.privateRun(TestRunner.java:794)
at org.testng.TestRunner.run(TestRunner.java:596)
at org.testng.SuiteRunner.runTest(SuiteRunner.java:377)
at org.testng.SuiteRunner.runSequentially(SuiteRunner.java:371)
at org.testng.SuiteRunner.privateRun(SuiteRunner.java:332)
at org.testng.SuiteRunner.run(SuiteRunner.java:276)
at org.testng.SuiteRunnerWorker.runSuite(SuiteRunnerWorker.java:53)
at org.testng.SuiteRunnerWorker.run(SuiteRunnerWorker.java:96)
at org.testng.TestNG.runSuitesSequentially(TestNG.java:1212)
at org.testng.TestNG.runSuitesLocally(TestNG.java:1134)
at org.testng.TestNG.runSuites(TestNG.java:1063)
at org.testng.TestNG.run(TestNG.java:1031)
at org.testng.remote.AbstractRemoteTestNG.run(AbstractRemoteTestNG.java:115)
at org.testng.remote.RemoteTestNG.initAndRun(RemoteTestNG.java:251)
at org.testng.remote.RemoteTestNG.main(RemoteTestNG.java:77)
]]>
    </failure>
  </testcase> <!-- A -->
  <system-out/>
</testsuite> <!-- testNg_Keyword.DependsOnMethod -->
