<?xml version="1.0" encoding="UTF-8"?>
<!-- Generated by org.testng.reporters.JUnitReportReporter -->
<testsuite hostname="DESKTOP-LPSVTKP" failures="0" tests="4" name="sirially_parallalyExcution.ParrallyExcutionEx2" time="64.985" errors="0" timestamp="2022-12-17T11:45:44 IST" skipped="0">
  <testcase classname="sirially_parallalyExcution.ParrallyExcutionEx2" name="Login7" time="23.232"/>
  <system-out>
    <![CDATA[lonching the browser Sevan]]>
  </system-out>
  <testcase classname="sirially_parallalyExcution.ParrallyExcutionEx2" name="Login4" time="11.561"/>
  <system-out>
    <![CDATA[lonching the browser four]]>
  </system-out>
  <testcase classname="sirially_parallalyExcution.ParrallyExcutionEx2" name="Login5" time="10.121"/>
  <system-out>
    <![CDATA[lonching the browser five]]>
  </system-out>
  <testcase classname="sirially_parallalyExcution.ParrallyExcutionEx2" name="Login6" time="20.071"/>
  <system-out>
    <![CDATA[lonching the browser six]]>
  </system-out>
</testsuite> <!-- sirially_parallalyExcution.ParrallyExcutionEx2 -->
